<?xml version="1.0" encoding="UTF-8"?>
<!-- Generated by org.testng.reporters.JUnitReportReporter -->
<testsuite hostname="Sangeetha" name="com.Testng.AdminLoginTestng" tests="1" failures="0" timestamp="26 Apr 2018 21:53:47 GMT" time="14.482" errors="0">
  <testcase name="AdminLoginTestng" time="14.482" classname="com.Testng.AdminLoginTestng"/>
</testsuite> <!-- com.Testng.AdminLoginTestng -->
