<?xml version="1.0" encoding="UTF-8"?>
<!-- Generated by org.testng.reporters.JUnitReportReporter -->
<testsuite hostname="Sangeetha" name="com.Testng.OrangeTestLogin" tests="1" failures="0" timestamp="26 Apr 2018 18:38:39 GMT" time="2.261" errors="0">
  <testcase name="appLogin" time="2.261" classname="com.Testng.OrangeTestLogin"/>
</testsuite> <!-- com.Testng.OrangeTestLogin -->
