<?xml version="1.0" encoding="UTF-8"?>
<!-- Generated by org.testng.reporters.JUnitReportReporter -->
<testsuite hostname="Sangeetha" name="com.Testng.RadioButtonsTest" tests="1" failures="0" timestamp="25 Apr 2018 18:48:51 GMT" time="27.980" errors="0">
  <testcase name="Radio" time="27.980" classname="com.Testng.RadioButtonsTest"/>
</testsuite> <!-- com.Testng.RadioButtonsTest -->
