<?xml version="1.0" encoding="UTF-8"?>
<!-- Generated by org.testng.reporters.JUnitReportReporter -->
<testsuite hostname="Sangeetha" name="com.Testng.BingTestng" tests="1" failures="0" timestamp="25 Apr 2018 18:48:51 GMT" time="9.149" errors="0">
  <testcase name="BingTest" time="9.149" classname="com.Testng.BingTestng"/>
</testsuite> <!-- com.Testng.BingTestng -->
