<?xml version="1.0" encoding="UTF-8"?>
<!-- Generated by org.testng.reporters.JUnitReportReporter -->
<testsuite hostname="Sangeetha" name="com.methods.multipleTestCasesTestng" tests="3" failures="0" timestamp="24 Apr 2018 21:20:35 GMT" time="0.031" errors="0">
  <testcase name="appLaunch" time="0.015" classname="com.methods.multipleTestCasesTestng"/>
  <testcase name="appLogin" time="0.016" classname="com.methods.multipleTestCasesTestng"/>
  <testcase name="appclose" time="0.000" classname="com.methods.multipleTestCasesTestng"/>
</testsuite> <!-- com.methods.multipleTestCasesTestng -->
