<?xml version="1.0" encoding="UTF-8"?>
<!-- Generated by org.testng.reporters.JUnitReportReporter -->
<testsuite hostname="Sangeetha" name="com.Testng.AnnotionsTestng" tests="2" failures="0" timestamp="25 Apr 2018 18:48:51 GMT" time="0.002" errors="0">
  <testcase name="testmethod" time="0.001" classname="com.Testng.AnnotionsTestng"/>
  <testcase name="testmethod1" time="0.001" classname="com.Testng.AnnotionsTestng"/>
</testsuite> <!-- com.Testng.AnnotionsTestng -->
