<?xml version="1.0" encoding="UTF-8"?>
<!-- Generated by org.testng.reporters.JUnitReportReporter -->
<testsuite hostname="Sangeetha" name="com.methods.AdminLoginTestng" tests="1" failures="0" timestamp="24 Apr 2018 21:27:57 GMT" time="14.117" errors="0">
  <testcase name="AdminLoginTestng" time="14.117" classname="com.methods.AdminLoginTestng"/>
</testsuite> <!-- com.methods.AdminLoginTestng -->
