<?xml version="1.0" encoding="UTF-8"?>
<!-- Generated by org.testng.reporters.JUnitReportReporter -->
<testsuite hostname="Sangeetha" name="com.Testng.multipleTestCasesTestng" tests="3" failures="0" timestamp="25 Apr 2018 18:48:51 GMT" time="0.008" errors="0">
  <testcase name="appLogin" time="0.003" classname="com.Testng.multipleTestCasesTestng"/>
  <testcase name="appLaunch" time="0.003" classname="com.Testng.multipleTestCasesTestng"/>
  <testcase name="appclose" time="0.002" classname="com.Testng.multipleTestCasesTestng"/>
</testsuite> <!-- com.Testng.multipleTestCasesTestng -->
