<?xml version="1.0" encoding="UTF-8"?>
<!-- Generated by org.testng.reporters.JUnitReportReporter -->
<testsuite hostname="Sangeetha" name="com.Testng.FirstTestNg" tests="1" failures="0" timestamp="25 Apr 2018 18:48:51 GMT" time="0.000" errors="0">
  <testcase name="sample" time="0.000" classname="com.Testng.FirstTestNg"/>
</testsuite> <!-- com.Testng.FirstTestNg -->
