<?xml version="1.0" encoding="UTF-8"?>
<!-- Generated by org.testng.reporters.JUnitReportReporter -->
<testsuite hostname="Sangeetha" name="com.Testng.AmazontestLogin" tests="1" failures="0" timestamp="25 Apr 2018 18:48:51 GMT" time="4.192" errors="0">
  <testcase name="appLogin" time="4.192" classname="com.Testng.AmazontestLogin"/>
</testsuite> <!-- com.Testng.AmazontestLogin -->
