<?xml version="1.0" encoding="UTF-8"?>
<!-- Generated by org.testng.reporters.JUnitReportReporter -->
<testsuite hostname="Sangeetha" name="com.Testng.ValidationTest" tests="1" failures="0" timestamp="25 Apr 2018 21:32:22 GMT" time="0.012" errors="0">
  <testcase name="Validation" time="0.012" classname="com.Testng.ValidationTest"/>
</testsuite> <!-- com.Testng.ValidationTest -->
